v2.54b
1. add output files for ygroup   (subcode8.f90)
   -ff option for output forward flux  prbname.flx.out
   -fa option for output adjoint flux  prbname.adj.out

2.  mytecplot.f90 includes all the tecplot subroutines.

3.  coarse mesh material dist. for solver_id=1 in titan input deck

v2.55b
changes since v2.54b
1.  add .mba columns fm-size along x, y, and z
2.  add a '/' on flux.agm and flux.fgm comment

ver 2.60
  1. add command options
     -fgm -gm: avg. flux per mat. zone : flux.fgm
     -agm: avg. adj. flux per mat. zone : flux.agm, group flipped
     -ff : flux distribution file prbname.flx.out
     -fa : adj. flux dist. file prbname.adj.out
  
  2.  fixed plot margin error for large plot (-size 2 or above)

Ver 2.61
 1. -V option for version number
 2. -ff or -fa  num_vol
    multi-volumn flux output ASCII file  .m01 .m02  ....
    if num_vol=0, a binary file .bin will be generated instead.
 3. FIDO subroutine added 'I' and 'Z' 
 3. fido handle now added for following cards:
      x, y, z fine mesh number matrix
      coarse mesh type matrix
      coarse mesh sub-region number matrix
      coarse mesh card if multi-region cm specified, (left right bot and top boundary, and mat number)
    also for overlay specification cards: 
      overlay type
      overlay material
      lattice material num
4. FIDO inputline length limit increased to 4000
5. if num_subregions=1, and abs(cm_type)=1 uniformly, mat num for all coarse meshes will read all at once
   and FIDO supported.

ver 2.62b
1. output mass center coordinate in _out.mba file
2. -log command option for log10 plot (only for flux plot)
3. -n command option improvement.
    -n     <factor or a filename  > 
    To nomalized fluxes flux=flux/factor, if no argument given, normalized to GLOBAL MAX flux 
    filename: a file containing a factor array for each group (fido supported) 
              size=num_group, in increasing order (fwd) or decreasing order (adj) 
	     e.g. -n 100.0  all fluxes are divided by 100 
       
v 2.63b
1. fixed an error on maxfin, typo: along z axis fine(2) instead of fine(3))

v 2.64b
1. add a line number count in reading *.flx file, and report the line having problem if reading failed
2. add a command option to change color map , use penmshxp colormap for help, use penmshxp -color <id> 
   to set a color map.
3. improved setting on cross section format: 
   ihs=4                 if ihm=num_group+3
   ihs=num_group+3       if ihm=num_group*2+2
   ihs=ihm-num_group+1   if ihm>num_group+3
   ihs=4                 otherwise, with a warning
v 2.65b
1. add a subroutine to read all-zlev-in-one-input file: prbname.inp
v 2.66b
1. add -max -min option to specify flux plot range
2. add an error trap for num_overlay_abs=0 (2.18.2011)
3. add a subroutine ReadInFis to read the fission src file (cargosrc.dat), and combined it with s.p. src
v 2.66b fov
1 subroutine WriteFov for array project adjoint model 
2 plot filename convention: grp01 instead of grp1

v 2.67b 
1. 3d plot view angle setting command line option
   -3d angle_in_degree  
   e.g.  -3d 90    view angle is changed to 90 degree, top view
         -3d -90   view angle is changed to 90, view from bottom
   default is 0 degree
2. added -3dpos x y z   to set view point location
    e.g. -3dpos 4 4 8.0   
	default position is (4 4 4)
3. 2.66c changes  (uf reference to gatech )
4. gfortran compatible 
   supplement2.f90  what2plot(3) assignment instead of in initalization
                    color_set  addes space to make all color character len=5

v 2.68b
1. colormap option name changed to -cm (GES  inpred.f90 v 2.67d changes)
2. nctlim and maxarr multiplied (GES  subcode5.f90  v 2.67d changnes)
3. to avoid 'T'-alone line in output (subcode6.f90 fidowriting)
4. write/read format corrections (,) against nag compiler complains (v2.67c change)

v 2.69b
1. fixed and improved 'T' alone line (subcode6.f90 fidowriting)
2. version number in read.log (inpred.f90)

v 2.70b
1. Shared overlay block among CMs    
 e.g. overlay type block
1 1 1 1  1
1 1 1 1  1
-1 -1 -1  111 1
1 1 131 121 1
1 1 1 1 1

CM 14 with (111) has same overlay structure as CM11

2. hexagon overlay 
  type 6 
  center_x, center_y, vertex_x, vertex_y
  
  support hexagon latice only if (center_x=vertex_x .or. center_y=vertex_y)
v 2.71b
1. improved telling of a point inside a hexagon or not  

v 2.72b
1. improvement on loading two sets of flux files. 
 penmshxp -f1 folderA  -f2 folderB  
 folderB: ref flux folder
 plot relative diff. (A-B)/B

2.  penmshxp -min A -max B
removed limitation on A>0 B>0
if A and/or B not present, using the global min and/or max (could be negative for rel. diff. plot)

3. penmshxp -ming -maxg
plot using min and/or max for a group


v2.73b 
1. penmshxp -chipath ChiPath_dir

2. grp window diabled for nprtyp=0 (keff calculation and upscattering)
Feb. 4 2014
3. fixed a bug on shared CM overlay: subcode1.f90   forgot to delete 
!zlevel(i)%cm_zlev(cmx,cmy)%overlay_block(block)%overlay_typ(j)=&
!   zlevel(i)%cm_zlev(mycm_x,mycm_y)%overlay_block(block)%overlay_typ(j)
Feb. 6 2014
4.  CM all background material reading, refined cm_type check
cmtyp=fidobank(m)/10.0-int(fidobank(m)/10.0)
cmtyp=10*cmtyp
zlevel(i)%cm_zlev(j,k)%cm_type=int(fidobank(m))
if(abs(int(cmtyp)) .ne. 1 .and. IsAllCmat .eq. 1) IsAllCmat=0
Feb. 7 2014
5 -maxmesh option to set the maxim size of fine mesh
02.14.2014
6. added hexgon overlay z boundaries 
04.21.2014
subcode1.f90: fixed for Intel FORTRAN  int() changed to nint() for all CM mat reading. 
