penmshxp version 2.70b (Jan 2013)      
read.log generated at :    14:55:18  on 02/04/2013
 
 opening penmsh.inp
 penmsh.inp open success
 problem name : he3demo
 
 num of z level:              2
 num of material:            18
 mathematica:                 0
 
 z level boundary:     0.000000        5.000000        10.01000    
 
 max z fine mesh for each z level:
           20           20
 
 fine to med ratio along x for each z level:
            2            2
 fine to med ratio along y for each z level:
            2            2
 fine to med ratio along z for each z level:
            2            2
 
 source format:            -1
 x mesh in src grid(.src):             0
 y mesh in src grid(.src):             0
 z mesh in src grid(.src):             0
 num of group:            47
 Sn order:             8
 Pn order:             2
 
 cross section information:
 xs format:                 1
 num_comment:               2
 legdre order:              2
 table length:             50
 
 boundary conditions:
 ibback=               0
 ibfrnt=               0
 jbright=              0
 jbleft=               0
 kbottom=              0
 ktop=                 0
 
 source material:            16
 source intensity(neg value as total magnitude):     1.000000    
 penmsh.inp read complete
 ********************************************************
 
 
 opening inputfile: he3demo1.inp
 he3demo1.inp :  open success
 
 information for z level:             1
 number of coarse mesh along x(ncx):               5
 number of coarse mesh along x(ncy):               5
 max z fine mesh for this z level:               -30
 
 num of x fine mesh for each coarse mesh in this z level: 
            6            6            8            6            6
            6            9           15            9            6
            6            9          160          120            6
            6            9          160          120            6
            6            6            8            6            6
 
 num of y fine mesh for each coarse mesh in this z level: 
            6            6            6            6            6
            6            9            9            9            6
            8           15          160          160            8
            6            9          120          120            6
            6            6            6            6            6
 
 num of z fine mesh for each coarse mesh in this z level: 
           20           20           20           20           20
           20           20           20           20           20
           20           20           20           20           20
           20           20           20           20           20
           20           20           20           20           20
 
 coarse mesh position along x: 
   -5.000000       -3.000000       -1.280000        1.280000     
    3.000000        5.000000    
 
 coarse mesh position along y: 
   -5.000000       -3.000000       -1.280000        1.280000     
    3.000000        5.000000    
 
 coarse mesh type in this z level: 
            1            1            1            1            1
            1            1            1            1            1
            1            1           -1          131            1
            1            1          131          131            1
            1            1            1            1            1
 
 number of subregions in corase mesh  in this z level: 
            1            1            1            1            1
            1            1            1            1            1
            1            1            1            1            1
            1            1            1            1            1
            1            1            1            1            1
 
Coarse mesh 1 : type 1 with 1 region(s)
 Mat num for coarse mesh 1:  6
Coarse mesh 2 : type 1 with 1 region(s)
 Mat num for coarse mesh 2:  6
Coarse mesh 3 : type 1 with 1 region(s)
 Mat num for coarse mesh 3:  6
Coarse mesh 4 : type 1 with 1 region(s)
 Mat num for coarse mesh 4:  6
Coarse mesh 5 : type 1 with 1 region(s)
 Mat num for coarse mesh 5:  6
Coarse mesh 6 : type 1 with 1 region(s)
 Mat num for coarse mesh 6:  6
Coarse mesh 7 : type 1 with 1 region(s)
 Mat num for coarse mesh 7:  10
Coarse mesh 8 : type 1 with 1 region(s)
 Mat num for coarse mesh 8:  10
Coarse mesh 9 : type 1 with 1 region(s)
 Mat num for coarse mesh 9:  10
Coarse mesh 10 : type 1 with 1 region(s)
 Mat num for coarse mesh 10:  6
Coarse mesh 11 : type 1 with 1 region(s)
 Mat num for coarse mesh 11:  6
Coarse mesh 12 : type 1 with 1 region(s)
 Mat num for coarse mesh 12:  10
Coarse mesh 13 : type 1 with 1 region(s)
 Mat num for coarse mesh 13:  10
Coarse mesh 14 : type 1 with 1 region(s)
 Mat num for coarse mesh 14:  10
Coarse mesh 15 : type 1 with 1 region(s)
 Mat num for coarse mesh 15:  6
Coarse mesh 16 : type 1 with 1 region(s)
 Mat num for coarse mesh 16:  6
Coarse mesh 17 : type 1 with 1 region(s)
 Mat num for coarse mesh 17:  10
Coarse mesh 18 : type 1 with 1 region(s)
 Mat num for coarse mesh 18:  10
Coarse mesh 19 : type 1 with 1 region(s)
 Mat num for coarse mesh 19:  10
Coarse mesh 20 : type 1 with 1 region(s)
 Mat num for coarse mesh 20:  6
Coarse mesh 21 : type 1 with 1 region(s)
 Mat num for coarse mesh 21:  6
Coarse mesh 22 : type 1 with 1 region(s)
 Mat num for coarse mesh 22:  6
Coarse mesh 23 : type 1 with 1 region(s)
 Mat num for coarse mesh 23:  6
Coarse mesh 24 : type 1 with 1 region(s)
 Mat num for coarse mesh 24:  6
Coarse mesh 25 : type 1 with 1 region(s)
 Mat num for coarse mesh 25:  6
 
 
 
Overlay information for coarse mesh: 13
 1 block(s) 
 
overlay block:  1
 num of overlay   : 2
 overlay type     : -6  -6
 overlay mat      : 16  -16
 overlay boundary for overlay: 1
    0.000     0.000     0.000     0.200
 Rep. Structure info for overlay: 1
  repeat times along +x,+y,+z : 10  10  1
  dist. between elements along +x,+y,+z :     0.346      0.000      0.000
 overlay boundary for overlay: 2
    0.000     0.000     0.000     0.180
 Rep. Structure info for overlay: 2
  repeat times along +x,+y,+z : 10  10  1
  dist. between elements along +x,+y,+z :     0.346      0.000      0.000
 Rep. mat num for overlay: 2
  9.   4.   2.  10.   3.  11.   4.  13.   5.  11.   7.   5.  11.   4.  14.   3.   9.   2.   8.   3.
  9.   4.   2.  10.   3.  11.   4.  13.   5.  11.   7.   5.  11.   4.  14.   3.   9.   2.   8.   3.
  9.   4.   2.  10.   3.  11.   4.  13.   5.  11.   7.   5.  11.   4.  14.   3.   9.   2.   8.   3.
  9.   4.   2.  10.   3.  11.   4.  13.   5.  11.   7.   5.  11.   4.  14.   3.   9.   2.   8.   3.
  9.   4.   2.  10.   3.  11.   4.  13.   5.  11.   7.   5.  11.   4.  14.   3.   9.   2.   8.   3.
done overlay block:   1
 ------------------------------------
Overlay information for coarse mesh: 14
 overlay structure same as: 13
Overlay information for coarse mesh: 18
 overlay structure same as: 13
Overlay information for coarse mesh: 19
 overlay structure same as: 13
 
 he3demo1.inp  : read complete
 ********************************************************
 
 
 opening inputfile: he3demo2.inp
 he3demo2.inp :  open success
 
 information for z level:             2
 number of coarse mesh along x(ncx):               5
 number of coarse mesh along x(ncy):               5
 max z fine mesh for this z level:               -30
 
 num of x fine mesh for each coarse mesh in this z level: 
            6            6            8            6            6
            6            9           15            9            6
            6            9           15            9            6
            6            9           15            9            6
            6            6            8            6            6
 
 num of y fine mesh for each coarse mesh in this z level: 
            6            6            6            6            6
            6            9            9            9            6
            8           15           15           15            8
            6            9            9            9            6
            6            6            6            6            6
 
 num of z fine mesh for each coarse mesh in this z level: 
           20           20           20           20           20
           20           20           20           20           20
           20           20           20           20           20
           20           20           20           20           20
           20           20           20           20           20
 
 coarse mesh position along x: 
   -5.000000       -3.000000       -1.280000        1.280000     
    3.000000        5.000000    
 
 coarse mesh position along y: 
   -5.000000       -3.000000       -1.280000        1.280000     
    3.000000        5.000000    
 
 coarse mesh type in this z level: 
            1            1            1            1            1
            1            1            1            1            1
            1            1           -1            1            1
            1            1            1            1            1
            1            1            1            1            1
 
 number of subregions in corase mesh  in this z level: 
            1            1            1            1            1
            1            1            1            1            1
            1            1            1            1            1
            1            1            1            1            1
            1            1            1            1            1
 
 Mat num for coarse mesh 1 :  6
 Mat num for coarse mesh 2 :  6
 Mat num for coarse mesh 3 :  6
 Mat num for coarse mesh 4 :  6
 Mat num for coarse mesh 5 :  6
 Mat num for coarse mesh 6 :  6
 Mat num for coarse mesh 7 :  10
 Mat num for coarse mesh 8 :  10
 Mat num for coarse mesh 9 :  10
 Mat num for coarse mesh 10 :  6
 Mat num for coarse mesh 11 :  6
 Mat num for coarse mesh 12 :  10
 Mat num for coarse mesh 13 :  10
 Mat num for coarse mesh 14 :  10
 Mat num for coarse mesh 15 :  6
 Mat num for coarse mesh 16 :  6
 Mat num for coarse mesh 17 :  10
 Mat num for coarse mesh 18 :  10
 Mat num for coarse mesh 19 :  10
 Mat num for coarse mesh 20 :  6
 Mat num for coarse mesh 21 :  6
 Mat num for coarse mesh 22 :  6
 Mat num for coarse mesh 23 :  6
 Mat num for coarse mesh 24 :  6
 Mat num for coarse mesh 25 :  6
 
 
 
Overlay information for coarse mesh: 13
 1 block(s) 
 
overlay block:  1
 num of overlay   : 2
 overlay type     : 2  1
 overlay mat      : 16  16
 overlay boundary for overlay: 1
   -1.260     1.260    -1.260     1.260
 overlay boundary for overlay: 2
    1.109     1.280     1.109     1.280     9.759    10.010
done overlay block:   1
 ------------------------------------
 
 he3demo2.inp  : read complete
 ********************************************************
 
 PENMSH input files(.inp) completed
 *************************************************
 Begin processing log
 
 Reading Mat vol file:./he3demo.mba                                                                                      
 Reading Mat vol file done, file:./he3demo.mba                                                                           
 Mat vol comparison output file done, file: he3demo_out.mba                                                              
 Assigning Mat Num to fine meshes.....done
 Assigning Src Mag to fine meshes.....done
 Macro file for Tecplot, file: he3demo.mcr                                                                               
 Dumping binary tecplot file...done he3demo_mix.plt
 Reading Src spectrum(.spc) file: ./he3demo.spc                                                                          
 .spc file done: ./he3demo.spc                                                                                           
 Assigning Pentran Varibles...done
 Generating .pen pentran inputfile...done he3demo_out.pen
 Generating TITAN input file...done he3demo_titan.inp
Plotting slice at z=      2.50, Mat Num distribution (num_material= 18), file: he3_z1cm.png
Plotting slice at z=      7.51, Mat Num distribution (num_material= 18), file: he3_z2cm.png
 Plotting z level...  z lev graphic file(s) done 
All done, logfile : read.log
 ***************************************************
Total Runtime :     2.0sec
 
run finished at :    14:55:20  on 02/04/2013
 
