v2.54b
1. add output files for ygroup   (subcode8.f90)
   -ff option for output forward flux  prbname.flx.out
   -fa option for output adjoint flux  prbname.adj.out

2.  mytecplot.f90 includes all the tecplot subroutines.

3.  coarse mesh material dist. for solver_id=1 in titan input deck

v2.55b
changes since v2.54b
1.  add .mba columns fm-size along x, y, and z
2.  add a '/' on flux.agm and flux.fgm comment

ver 2.60
  1. add command options
     -fgm -gm: avg. flux per mat. zone : flux.fgm
     -agm: avg. adj. flux per mat. zone : flux.agm, group flipped
     -ff : flux distribution file prbname.flx.out
     -fa : adj. flux dist. file prbname.adj.out
  
  2.  fixed plot margin error for large plot (-size 2 or above)

Ver 2.61
 1. -V option for version number
 2. -ff or -fa  num_vol
    multi-volumn flux output ASCII file  .m01 .m02  ....
    if num_vol=0, a binary file .bin will be generated instead.
 3. FIDO subroutine added 'I' and 'Z' 
 3. fido handle now added for following cards:
      x, y, z fine mesh number matrix
      coarse mesh type matrix
      coarse mesh sub-region number matrix
      coarse mesh card if multi-region cm specified, (left right bot and top boundary, and mat number)
    also for overlay specification cards: 
      overlay type
      overlay material
      lattice material num
4. FIDO inputline length limit increased to 4000
5. if num_subregions=1, and abs(cm_type)=1 uniformly, mat num for all coarse meshes will read all at once
   and FIDO supported.

ver 2.62b
1. output mass center coordinate in _out.mba file
2. -log command option for log10 plot (only for flux plot)
3. -n command option improvement.
    -n     <factor or a filename  > 
    To nomalized fluxes flux=flux/factor, if no argument given, normalized to GLOBAL MAX flux 
    filename: a file containing a factor array for each group (fido supported) 
              size=num_group, in increasing order (fwd) or decreasing order (adj) 
	     e.g. -n 100.0  all fluxes are divided by 100 
       
v 2.63b
1. fixed an error on maxfin, typo: along z axis fine(2) instead of fine(3))

v 2.64b
1. add a line number count in reading *.flx file, and report the line having problem if reading failed
2. add a command option to change color map , use penmshxp colormap for help, use penmshxp -color <id> 
   to set a color map.
3. improved setting on cross section format: 
   ihs=4                 if ihm=num_group+3
   ihs=num_group+3       if ihm=num_group*2+2
   ihs=ihm-num_group+1   if ihm>num_group+3
   ihs=4                 otherwise, with a warning
v 2.65b
1. add a subroutine to read all-zlev-in-one-input file: prbname.inp
v 2.66b
1. add -max -min option to specify flux plot range
