penmshxp version 2.73b (June 2013)     
read.log generated at :    11:14:26  on 01/17/2014
 
 opening penmsh.inp
 penmsh.inp open success
 problem name : takeda
 
 num of z level:              2
 num of material:             4
 mathematica:                 0
 
 z level boundary:     0.000000        15.00000        25.00000    
 
 max z fine mesh for each z level:
           15           10
 
 fine to med ratio along x for each z level:
            2            2
 fine to med ratio along y for each z level:
            2            2
 fine to med ratio along z for each z level:
            2            2
 
 source format:             2
 x mesh in src grid(.src):             1
 y mesh in src grid(.src):             1
 z mesh in src grid(.src):             1
 num of group:             2
 Sn order:             8
 Pn order:             0
 
 cross section information:
 xs format:                 0
 num_comment:               1
 legdre order:              0
 table length:              5
 
 boundary conditions:
 ibback=               1
 ibfrnt=               0
 jbright=              1
 jbleft=               0
 kbottom=              1
 ktop=                 0
 
 Warning 1004: 
  s_format=2: no src in the model, .src file ignored even if it exists                                                   
 penmsh.inp read complete
 ********************************************************
 
 
 opening inputfile: takeda1.inp
 takeda1.inp :  open success
 
 information for z level:             1
 number of coarse mesh along x(ncx):               3
 number of coarse mesh along x(ncy):               3
 max z fine mesh for this z level:               -15
 
 num of x fine mesh for each coarse mesh in this z level: 
           15            5            5
           15            5            5
           15            5            5
 
 num of y fine mesh for each coarse mesh in this z level: 
            5            5            5
           10           10           10
           10           10           10
 
 num of z fine mesh for each coarse mesh in this z level: 
           15           15           15
           15           15           15
           15           15           15
 
 coarse mesh position along x: 
    0.000000        15.00000        20.00000        25.00000    
 
 coarse mesh position along y: 
    0.000000        5.000000        15.00000        25.00000    
 
 coarse mesh type in this z level: 
            1            1            1
            1            1            1
            1            1            1
 
 number of subregions in corase mesh  in this z level: 
            1            1            1
            1            1            1
            1            1            1
 
 Mat num for coarse mesh 1 :  1
 Mat num for coarse mesh 2 :  3
 Mat num for coarse mesh 3 :  2
 Mat num for coarse mesh 4 :  1
 Mat num for coarse mesh 5 :  2
 Mat num for coarse mesh 6 :  2
 Mat num for coarse mesh 7 :  2
 Mat num for coarse mesh 8 :  2
 Mat num for coarse mesh 9 :  2
 
 
 
 takeda1.inp  : read complete
 ********************************************************
 
 
 opening inputfile: takeda2.inp
 takeda2.inp :  open success
 
 information for z level:             2
 number of coarse mesh along x(ncx):               3
 number of coarse mesh along x(ncy):               3
 max z fine mesh for this z level:               -15
 
 num of x fine mesh for each coarse mesh in this z level: 
           15            5            5
           15            5            5
           15            5            5
 
 num of y fine mesh for each coarse mesh in this z level: 
            5            5            5
           10           10           10
           10           10           10
 
 num of z fine mesh for each coarse mesh in this z level: 
           10           10           10
           10           10           10
           10           10           10
 
 coarse mesh position along x: 
    0.000000        15.00000        20.00000        25.00000    
 
 coarse mesh position along y: 
    0.000000        5.000000        15.00000        25.00000    
 
 coarse mesh type in this z level: 
            1            1            1
            1            1            1
            1            1            1
 
 number of subregions in corase mesh  in this z level: 
            1            1            1
            1            1            1
            1            1            1
 
 Mat num for coarse mesh 1 :  2
 Mat num for coarse mesh 2 :  3
 Mat num for coarse mesh 3 :  2
 Mat num for coarse mesh 4 :  2
 Mat num for coarse mesh 5 :  2
 Mat num for coarse mesh 6 :  2
 Mat num for coarse mesh 7 :  2
 Mat num for coarse mesh 8 :  2
 Mat num for coarse mesh 9 :  2
 
 
 
 takeda2.inp  : read complete
 ********************************************************
 
 PENMSH input files(.inp) completed
 *************************************************
 Begin processing log
 
 Reading Mat vol file:./takeda.mba                                                                                       
 Reading Mat vol file done, file:./takeda.mba                                                                            
 Mat vol comparison output file done, file: takeda_out.mba                                                               
 Assigning Mat Num to fine meshes.....done
 Macro file for Tecplot, file: takeda.mcr                                                                                
 Dumping binary tecplot file...done takeda_mix.plt
 Assigning Pentran Varibles...done
 Generating .pen pentran inputfile...done takeda_out.pen
 Generating TITAN input file...done takeda_titan.inp
Plotting slice at z=      7.50, Mat Num distribution (num_material= 4), file: tak_z1cm.png
Plotting slice at z=     20.00, Mat Num distribution (num_material= 4), file: tak_z2cm.png
 Plotting z level...  z lev graphic file(s) done 
All done, logfile : read.log
 ***************************************************
Total Runtime :     0.0sec
 
run finished at :    11:14:26  on 01/17/2014
 
